# JRE version: OpenJDK Runtime Environment (8.0_152-b02) (build 1.8.0_152-release-1024-b02)
# Java VM: OpenJDK 64-Bit Server VM (25.152-b02 mixed mode windows-amd64 compressed oops)
Heap:
 PSYoungGen      total 197632K, used 53643K [0x00000000e0000000, 0x00000000f2f80000, 0x0000000100000000)
  eden space 173568K, 30% used [0x00000000e0000000,0x00000000e3462ca8,0x00000000ea980000)
  from space 24064K, 0% used [0x00000000ea980000,0x00000000ea980000,0x00000000ec100000)
  to   space 23040K, 0% used [0x00000000f1900000,0x00000000f1900000,0x00000000f2f80000)
 ParOldGen       total 133120K, used 38066K [0x00000000a0000000, 0x00000000a8200000, 0x00000000e0000000)
  object space 133120K, 28% used [0x00000000a0000000,0x00000000a252ca80,0x00000000a8200000)
 Metaspace       used 58301K, capacity 60220K, committed 60544K, reserved 1101824K
  class space    used 7746K, capacity 8193K, committed 8320K, reserved 1048576K
GC Heap History (10 events):
Event: 6.646 GC heap before
{Heap before GC invocations=10 (full 2):
 PSYoungGen      total 141312K, used 131584K [0x00000000e0000000, 0x00000000ea980000, 0x0000000100000000)
  eden space 131584K, 100% used [0x00000000e0000000,0x00000000e8080000,0x00000000e8080000)
  from space 9728K, 0% used [0x00000000e8080000,0x00000000e8080000,0x00000000e8a00000)
  to   space 12800K, 0% used [0x00000000e9d00000,0x00000000e9d00000,0x00000000ea980000)
 ParOldGen       total 103424K, used 19599K [0x00000000a0000000, 0x00000000a6500000, 0x00000000e0000000)
  object space 103424K, 18% used [0x00000000a0000000,0x00000000a1323ff0,0x00000000a6500000)
 Metaspace       used 42977K, capacity 43892K, committed 44160K, reserved 1087488K
  class space    used 5921K, capacity 6175K, committed 6272K, reserved 1048576K
Event: 6.661 GC heap after
Heap after GC invocations=10 (full 2):
 PSYoungGen      total 158720K, used 12773K [0x00000000e0000000, 0x00000000ed080000, 0x0000000100000000)
  eden space 145920K, 0% used [0x00000000e0000000,0x00000000e0000000,0x00000000e8e80000)
  from space 12800K, 99% used [0x00000000e9d00000,0x00000000ea9795b0,0x00000000ea980000)
  to   space 14848K, 0% used [0x00000000e8e80000,0x00000000e8e80000,0x00000000e9d00000)
 ParOldGen       total 103424K, used 21049K [0x00000000a0000000, 0x00000000a6500000, 0x00000000e0000000)
  object space 103424K, 20% used [0x00000000a0000000,0x00000000a148e768,0x00000000a6500000)
 Metaspace       used 42977K, capacity 43892K, committed 44160K, reserved 1087488K
  class space    used 5921K, capacity 6175K, committed 6272K, reserved 1048576K
}
Event: 8.709 GC heap before
{Heap before GC invocations=11 (full 2):
 PSYoungGen      total 158720K, used 158693K [0x00000000e0000000, 0x00000000ed080000, 0x0000000100000000)
  eden space 145920K, 100% used [0x00000000e0000000,0x00000000e8e80000,0x00000000e8e80000)
  from space 12800K, 99% used [0x00000000e9d00000,0x00000000ea9795b0,0x00000000ea980000)
  to   space 14848K, 0% used [0x00000000e8e80000,0x00000000e8e80000,0x00000000e9d00000)
 ParOldGen       total 103424K, used 21049K [0x00000000a0000000, 0x00000000a6500000, 0x00000000e0000000)
  object space 103424K, 20% used [0x00000000a0000000,0x00000000a148e768,0x00000000a6500000)
 Metaspace       used 52207K, capacity 53814K, committed 53888K, reserved 1095680K
  class space    used 7137K, capacity 7550K, committed 7552K, reserved 1048576K
Event: 8.725 GC heap after
Heap after GC invocations=11 (full 2):
 PSYoungGen      total 160768K, used 14833K [0x00000000e0000000, 0x00000000ed380000, 0x0000000100000000)
  eden space 145920K, 0% used [0x00000000e0000000,0x00000000e0000000,0x00000000e8e80000)
  from space 14848K, 99% used [0x00000000e8e80000,0x00000000e9cfc5c8,0x00000000e9d00000)
  to   space 18944K, 0% used [0x00000000ec100000,0x00000000ec100000,0x00000000ed380000)
 ParOldGen       total 103424K, used 26839K [0x00000000a0000000, 0x00000000a6500000, 0x00000000e0000000)
  object space 103424K, 25% used [0x00000000a0000000,0x00000000a1a35dd8,0x00000000a6500000)
 Metaspace       used 52207K, capacity 53814K, committed 53888K, reserved 1095680K
  class space    used 7137K, capacity 7550K, committed 7552K, reserved 1048576K
}
Event: 13.761 GC heap before
{Heap before GC invocations=12 (full 2):
 PSYoungGen      total 160768K, used 160753K [0x00000000e0000000, 0x00000000ed380000, 0x0000000100000000)
  eden space 145920K, 100% used [0x00000000e0000000,0x00000000e8e80000,0x00000000e8e80000)
  from space 14848K, 99% used [0x00000000e8e80000,0x00000000e9cfc5c8,0x00000000e9d00000)
  to   space 18944K, 0% used [0x00000000ec100000,0x00000000ec100000,0x00000000ed380000)
 ParOldGen       total 103424K, used 26839K [0x00000000a0000000, 0x00000000a6500000, 0x00000000e0000000)
  object space 103424K, 25% used [0x00000000a0000000,0x00000000a1a35dd8,0x00000000a6500000)
 Metaspace       used 56839K, capacity 58636K, committed 58880K, reserved 1099776K
  class space    used 7658K, capacity 8073K, committed 8192K, reserved 1048576K
Event: 13.782 GC heap after
Heap after GC invocations=12 (full 2):
 PSYoungGen      total 192512K, used 18936K [0x00000000e0000000, 0x00000000eda00000, 0x0000000100000000)
  eden space 173568K, 0% used [0x00000000e0000000,0x00000000e0000000,0x00000000ea980000)
  from space 18944K, 99% used [0x00000000ec100000,0x00000000ed37e0b8,0x00000000ed380000)
  to   space 24064K, 0% used [0x00000000ea980000,0x00000000ea980000,0x00000000ec100000)
 ParOldGen       total 103424K, used 32937K [0x00000000a0000000, 0x00000000a6500000, 0x00000000e0000000)
  object space 103424K, 31% used [0x00000000a0000000,0x00000000a202a550,0x00000000a6500000)
 Metaspace       used 56839K, capacity 58636K, committed 58880K, reserved 1099776K
  class space    used 7658K, capacity 8073K, committed 8192K, reserved 1048576K
}
Event: 13.799 GC heap before
{Heap before GC invocations=13 (full 2):
 PSYoungGen      total 192512K, used 21434K [0x00000000e0000000, 0x00000000eda00000, 0x0000000100000000)
  eden space 173568K, 1% used [0x00000000e0000000,0x00000000e02708b8,0x00000000ea980000)
  from space 18944K, 99% used [0x00000000ec100000,0x00000000ed37e0b8,0x00000000ed380000)
  to   space 24064K, 0% used [0x00000000ea980000,0x00000000ea980000,0x00000000ec100000)
 ParOldGen       total 103424K, used 32937K [0x00000000a0000000, 0x00000000a6500000, 0x00000000e0000000)
  object space 103424K, 31% used [0x00000000a0000000,0x00000000a202a550,0x00000000a6500000)
 Metaspace       used 57126K, capacity 58924K, committed 59028K, reserved 1099776K
  class space    used 7674K, capacity 8105K, committed 8192K, reserved 1048576K
Event: 13.817 GC heap after
Heap after GC invocations=13 (full 2):
 PSYoungGen      total 197632K, used 7663K [0x00000000e0000000, 0x00000000f2f80000, 0x0000000100000000)
  eden space 173568K, 0% used [0x00000000e0000000,0x00000000e0000000,0x00000000ea980000)
  from space 24064K, 31% used [0x00000000ea980000,0x00000000eb0fbf80,0x00000000ec100000)
  to   space 23040K, 0% used [0x00000000f1900000,0x00000000f1900000,0x00000000f2f80000)
 ParOldGen       total 103424K, used 44591K [0x00000000a0000000, 0x00000000a6500000, 0x00000000e0000000)
  object space 103424K, 43% used [0x00000000a0000000,0x00000000a2b8be08,0x00000000a6500000)
 Metaspace       used 57126K, capacity 58924K, committed 59028K, reserved 1099776K
  class space    used 7674K, capacity 8105K, committed 8192K, reserved 1048576K
}
Event: 13.817 GC heap before
{Heap before GC invocations=14 (full 3):
 PSYoungGen      total 197632K, used 7663K [0x00000000e0000000, 0x00000000f2f80000, 0x0000000100000000)
  eden space 173568K, 0% used [0x00000000e0000000,0x00000000e0000000,0x00000000ea980000)
  from space 24064K, 31% used [0x00000000ea980000,0x00000000eb0fbf80,0x00000000ec100000)
  to   space 23040K, 0% used [0x00000000f1900000,0x00000000f1900000,0x00000000f2f80000)
 ParOldGen       total 103424K, used 44591K [0x00000000a0000000, 0x00000000a6500000, 0x00000000e0000000)
  object space 103424K, 43% used [0x00000000a0000000,0x00000000a2b8be08,0x00000000a6500000)
 Metaspace       used 57126K, capacity 58924K, committed 59028K, reserved 1099776K
  class space    used 7674K, capacity 8105K, committed 8192K, reserved 1048576K
Event: 13.952 GC heap after
Heap after GC invocations=14 (full 3):
 PSYoungGen      total 197632K, used 0K [0x00000000e0000000, 0x00000000f2f80000, 0x0000000100000000)
  eden space 173568K, 0% used [0x00000000e0000000,0x00000000e0000000,0x00000000ea980000)
  from space 24064K, 0% used [0x00000000ea980000,0x00000000ea980000,0x00000000ec100000)
  to   space 23040K, 0% used [0x00000000f1900000,0x00000000f1900000,0x00000000f2f80000)
 ParOldGen       total 133120K, used 38066K [0x00000000a0000000, 0x00000000a8200000, 0x00000000e0000000)
  object space 133120K, 28% used [0x00000000a0000000,0x00000000a252ca80,0x00000000a8200000)
 Metaspace       used 57126K, capacity 58924K, committed 59028K, reserved 1099776K
  class space    used 7674K, capacity 8105K, committed 8192K, reserved 1048576K
}

